<?xml version="1.0" encoding="UTF-8"?>
<!-- Generated by org.testng.reporters.JUnitReportReporter -->
<testsuite skipped="0" hostname="M5-L-F1W462H" name="com.maven.AppiumTest" tests="2" failures="0" timestamp="2022-05-07T19:02:22 IST" time="0.026" errors="0">
  <testcase name="IOSApp" time="0.025" classname="com.maven.AppiumTest"/>
  <system-out/>
  <testcase name="nativeAppAndroid" time="0.001" classname="com.maven.AppiumTest"/>
  <system-out/>
</testsuite> <!-- com.maven.AppiumTest -->
