<?xml version="1.0" encoding="UTF-8"?>
<!-- Generated by org.testng.reporters.JUnitReportReporter -->
<testsuite skipped="0" hostname="M5-L-F1W462H" name="com.maven.RestAPITest" tests="2" failures="0" timestamp="2022-05-07T19:02:22 IST" time="0.002" errors="0">
  <testcase name="deleteTwitter" time="0.001" classname="com.maven.RestAPITest"/>
  <system-out/>
  <testcase name="postJira" time="0.001" classname="com.maven.RestAPITest"/>
  <system-out/>
</testsuite> <!-- com.maven.RestAPITest -->
